<?xml version="1.0" encoding="UTF-8"?>
<!-- Generated by org.testng.reporters.JUnitReportReporter -->
<testsuite hostname="Notebook" failures="0" tests="1" name="mavenforjenkins.UITest" time="75.892" errors="0" timestamp="2022-07-17T19:40:33 IST" skipped="0">
  <testcase classname="mavenforjenkins.UITest" name="startBrowser" time="75.892"/>
  <system-out/>
</testsuite> <!-- mavenforjenkins.UITest -->
