<?xml version="1.0" encoding="UTF-8"?>
<!-- Generated by org.testng.reporters.JUnitReportReporter -->
<testsuite skipped="0" hostname="Notebook" name="mavenforjenkins.UITest" tests="1" failures="0" timestamp="2022-07-17T20:31:41 IST" time="12.132" errors="0">
  <testcase name="startBrowser" time="12.132" classname="mavenforjenkins.UITest"/>
  <system-out/>
</testsuite> <!-- mavenforjenkins.UITest -->
